<?xml version="1.0" encoding="UTF-8"?>
<!-- Generated by org.testng.reporters.JUnitReportReporter -->
<testsuite name="org.one.TestingOne" tests="4" time="0.047" ignored="2" failures="0" timestamp="11 May 2023 09:04:51 GMT" skipped="0" hostname="DESKTOP-662NI4B" errors="0">
  <testcase name="father" time="0.000" classname="org.one.TestingOne"/>
  <testcase name="father" time="0.032" classname="org.one.TestingOne"/>
  <testcase name="father" time="0.015" classname="org.one.TestingOne"/>
  <testcase name="father" time="0.000" classname="org.one.TestingOne"/>
  <testcase name="sister" classname="org.one.TestingOne">
    <skipped/>
  </testcase> <!-- sister -->
  <testcase name="Name" classname="org.one.TestingOne">
    <skipped/>
  </testcase> <!-- Name -->
</testsuite> <!-- org.one.TestingOne -->
