<?xml version="1.0" encoding="UTF-8"?>
<!-- Generated by org.testng.reporters.JUnitReportReporter -->
<testsuite name="org.one.SimpleAnnotation" tests="1" time="0.015" ignored="0" failures="0" timestamp="12 May 2023 13:11:44 GMT" skipped="0" hostname="DESKTOP-662NI4B" errors="0">
  <testcase name="testOne" time="0.015" classname="org.one.SimpleAnnotation"/>
</testsuite> <!-- org.one.SimpleAnnotation -->
