<?xml version="1.0" encoding="UTF-8"?>
<!-- Generated by org.testng.reporters.JUnitReportReporter -->
<testsuite name="org.one.TimeoutTest" tests="3" time="15.143" ignored="0" failures="0" timestamp="10 May 2023 15:21:40 GMT" skipped="0" hostname="DESKTOP-662NI4B" errors="0">
  <testcase name="insta" time="4.824" classname="org.one.TimeoutTest"/>
  <testcase name="facebook" time="4.689" classname="org.one.TimeoutTest"/>
  <testcase name="indianbank" time="5.630" classname="org.one.TimeoutTest"/>
</testsuite> <!-- org.one.TimeoutTest -->
